<?xml version="1.0" encoding="UTF-8"?>
<!-- Generated by org.testng.reporters.JUnitReportReporter -->
<testsuite hostname="localhost" name="com.course.testCode.groups.groupTest1" tests="4" failures="0" timestamp="18 May 2018 15:22:13 GMT" time="0.011" errors="0">
  <testcase name="testGroup2" time="0.004" classname="com.course.testCode.groups.groupTest1"/>
  <testcase name="testGroup1" time="0.006" classname="com.course.testCode.groups.groupTest1"/>
  <testcase name="testGroup1" time="0.000" classname="com.course.testCode.groups.groupTest1"/>
  <testcase name="testGroup2" time="0.001" classname="com.course.testCode.groups.groupTest1"/>
</testsuite> <!-- com.course.testCode.groups.groupTest1 -->
