<?xml version="1.0" encoding="UTF-8"?>
<!-- Generated by org.testng.reporters.JUnitReportReporter -->
<testsuite name="com.course.cases.LoginTest" tests="2" time="1.041" ignored="0" failures="0" timestamp="28 May 2018 09:35:14 GMT" skipped="0" hostname="localhost" errors="0">
  <testcase name="loginFalse" time="0.059" classname="com.course.cases.LoginTest"/>
  <testcase name="loginTrue" time="0.982" classname="com.course.cases.LoginTest"/>
</testsuite> <!-- com.course.cases.LoginTest -->
